info it worked if it ends with ok
verbose cli [ '/usr/bin/nodejs', '/usr/bin/npm', 'install', 'requirejsll' ]
info using npm@1.1.4
info using node@v0.6.19
verbose config file /home/albertmatyi/.npmrc
verbose config file /usr/etc/npmrc
verbose config file /usr/share/npm/npmrc
verbose caching /home/albertmatyi/work/python/hotelmotel/node_modules/requirejs/package.json
verbose cache add [ 'requirejsll', null ]
silly cache add: name, spec, args [ undefined, 'requirejsll', [ 'requirejsll', null ] ]
verbose parsed url { pathname: 'requirejsll',
verbose parsed url   path: 'requirejsll',
verbose parsed url   href: 'requirejsll' }
verbose addNamed [ 'requirejsll', '' ]
verbose addNamed [ null, '' ]
silly name, range, hasData [ 'requirejsll', '', false ]
verbose raw, before any munging requirejsll
verbose url resolving [ 'https://registry.npmjs.org/', './requirejsll' ]
verbose url resolved https://registry.npmjs.org/requirejsll
http GET https://registry.npmjs.org/requirejsll
http 404 https://registry.npmjs.org/requirejsll
silly get cb [ 404,
silly get cb   { server: 'CouchDB/1.2.1 (Erlang OTP/R15B)',
silly get cb     date: 'Wed, 13 Feb 2013 07:02:22 GMT',
silly get cb     'content-type': 'application/json',
silly get cb     'content-length': '52',
silly get cb     'cache-control': 'must-revalidate' } ]
ERR! 404 'requirejsll' is not in the npm registry.
ERR! 404 You should bug the author to publish it
ERR! 404 Note that you can also install from a
ERR! 404 tarball, folder, or http url, or git url.
ERR! 
ERR! System Linux 3.5.0-24-generic
ERR! command "/usr/bin/nodejs" "/usr/bin/npm" "install" "requirejsll"
ERR! cwd /home/albertmatyi/work/python/hotelmotel
ERR! node -v v0.6.19
ERR! npm -v 1.1.4
ERR! code E404
ERR! message 404 Not Found: requirejsll
ERR! errno {}
verbose exit [ 1, true ]
