INFO     2013-04-14 19:08:31,709 sdk_update_checker.py:244] Checking for updates to the SDK.
INFO     2013-04-14 19:08:31,945 sdk_update_checker.py:272] The SDK is up to date.
INFO     2013-04-14 19:08:31,977 api_server.py:152] Starting API server at: http://localhost:40725
INFO     2013-04-14 19:08:32,095 dispatcher.py:150] Starting server "default" running at: http://0.0.0.0:8080
INFO     2013-04-14 19:08:32,102 admin_server.py:117] Starting admin server at: http://localhost:8000
WARNING  2013-04-14 19:14:30,996 base.py:24] <type 'datetime.datetime'>
WARNING  2013-04-14 19:14:30,997 base.py:24] <type 'long'>
WARNING  2013-04-14 19:14:30,998 base.py:24] <type 'datetime.datetime'>
WARNING  2013-04-14 19:14:30,998 base.py:24] <type 'bool'>
WARNING  2013-04-14 19:14:31,077 base.py:24] <type 'long'>
WARNING  2013-04-14 19:14:31,077 base.py:24] <type 'long'>
WARNING  2013-04-14 19:14:31,078 base.py:24] <type 'datetime.datetime'>
WARNING  2013-04-14 19:14:31,092 base.py:24] <class 'application.models.category.CategoryModel'>
WARNING  2013-04-14 19:14:31,093 base.py:24] <type 'long'>
WARNING  2013-04-14 19:14:31,093 base.py:24] <type 'long'>
WARNING  2013-04-14 19:14:31,094 base.py:24] <type 'unicode'>
WARNING  2013-04-14 19:14:31,094 base.py:24] <type 'datetime.datetime'>
WARNING  2013-04-14 19:14:31,130 base.py:24] <type 'long'>
WARNING  2013-04-14 19:14:31,131 base.py:24] <type 'datetime.datetime'>
WARNING  2013-04-14 19:14:31,152 base.py:24] <class 'application.models.user.UserModel'>
WARNING  2013-04-14 19:14:31,154 base.py:24] <type 'bool'>
WARNING  2013-04-14 19:14:31,171 base.py:24] <class 'application.models.bookable.BookableModel'>
WARNING  2013-04-14 19:14:31,171 base.py:24] <type 'datetime.date'>
WARNING  2013-04-14 19:14:31,172 base.py:24] <type 'datetime.date'>
WARNING  2013-04-14 19:14:31,172 base.py:24] <type 'datetime.datetime'>
WARNING  2013-04-14 19:14:31,173 base.py:24] <class 'google.appengine.api.datastore_types.Text'>
WARNING  2013-04-14 19:14:31,173 base.py:24] <type 'bool'>
WARNING  2013-04-14 19:14:31,173 base.py:24] <type 'long'>
WARNING  2013-04-14 19:14:31,391 base.py:24] <type 'long'>
WARNING  2013-04-14 19:14:31,392 base.py:24] <type 'datetime.datetime'>
WARNING  2013-04-14 19:14:31,407 base.py:24] <class 'application.models.user.UserModel'>
WARNING  2013-04-14 19:14:31,408 base.py:24] <type 'bool'>
WARNING  2013-04-14 19:14:31,428 base.py:24] <class 'application.models.bookable.BookableModel'>
WARNING  2013-04-14 19:14:31,429 base.py:24] <type 'datetime.date'>
WARNING  2013-04-14 19:14:31,429 base.py:24] <type 'datetime.date'>
WARNING  2013-04-14 19:14:31,430 base.py:24] <type 'datetime.datetime'>
WARNING  2013-04-14 19:14:31,430 base.py:24] <class 'google.appengine.api.datastore_types.Text'>
WARNING  2013-04-14 19:14:31,430 base.py:24] <type 'bool'>
WARNING  2013-04-14 19:14:31,431 base.py:24] <type 'long'>
WARNING  2013-04-14 19:14:31,432 base.py:24] <type 'unicode'>
WARNING  2013-04-14 19:14:31,432 base.py:24] <type 'datetime.datetime'>
WARNING  2013-04-14 19:14:31,433 base.py:24] <type 'long'>
WARNING  2013-04-14 19:14:31,433 base.py:24] <type 'unicode'>
WARNING  2013-04-14 19:14:31,433 base.py:24] <type 'unicode'>
WARNING  2013-04-14 19:14:31,434 base.py:24] <type 'unicode'>
WARNING  2013-04-14 19:14:31,434 base.py:24] <type 'unicode'>
WARNING  2013-04-14 19:14:31,435 base.py:24] <type 'datetime.datetime'>
WARNING  2013-04-14 19:14:31,435 base.py:24] <type 'unicode'>
WARNING  2013-04-14 19:14:31,436 base.py:24] <type 'unicode'>
WARNING  2013-04-14 19:14:31,436 base.py:24] <type 'unicode'>
WARNING  2013-04-14 19:14:31,467 base.py:24] <type 'datetime.datetime'>
WARNING  2013-04-14 19:14:31,468 base.py:24] <type 'datetime.datetime'>
WARNING  2013-04-14 19:14:31,468 base.py:24] <type 'unicode'>
WARNING  2013-04-14 19:14:31,469 base.py:24] <type 'unicode'>
WARNING  2013-04-14 19:14:31,469 base.py:24] <type 'datetime.datetime'>
WARNING  2013-04-14 19:14:31,489 base.py:24] <type 'datetime.datetime'>
WARNING  2013-04-14 19:14:31,490 base.py:24] <type 'unicode'>
WARNING  2013-04-14 19:14:31,491 base.py:24] <type 'unicode'>
WARNING  2013-04-14 19:14:31,492 base.py:24] <type 'datetime.datetime'>
WARNING  2013-04-14 19:14:31,492 base.py:24] <type 'datetime.datetime'>
WARNING  2013-04-14 19:14:31,493 base.py:24] <type 'unicode'>
WARNING  2013-04-14 19:14:31,493 base.py:24] <type 'unicode'>
INFO     2013-04-14 19:14:31,878 server.py:561] default: "GET / HTTP/1.1" 200 24450
INFO     2013-04-14 19:14:32,396 server.py:561] default: "GET /static/css/admin_main.css HTTP/1.1" 304 -
INFO     2013-04-14 19:14:32,401 server.py:561] default: "GET /static/lib/require.js HTTP/1.1" 304 -
INFO     2013-04-14 19:14:32,581 server.py:561] default: "GET /static/img/favicon.ico HTTP/1.1" 304 -
INFO     2013-04-14 19:14:33,321 server.py:561] default: "GET /static/img/noise.png HTTP/1.1" 304 -
INFO     2013-04-14 19:14:33,359 server.py:561] default: "GET /static/img/coffeecup.png HTTP/1.1" 304 -
INFO     2013-04-14 19:14:33,360 server.py:561] default: "GET /static/img/glyphicons-halflings-white.png HTTP/1.1" 304 -
INFO     2013-04-14 19:14:33,360 server.py:561] default: "GET /static/img/social/social_sprite_48.png HTTP/1.1" 304 -
INFO     2013-04-14 19:14:33,457 server.py:561] default: "GET /static/js/main.admin.js HTTP/1.1" 304 -
INFO     2013-04-14 19:14:33,759 server.py:561] default: "GET /static/lib/underscore.min.js HTTP/1.1" 304 -
INFO     2013-04-14 19:14:33,762 server.py:561] default: "GET /static/js/config.js HTTP/1.1" 304 -
INFO     2013-04-14 19:14:33,767 server.py:561] default: "GET /static/js/test/main.js HTTP/1.1" 304 -
INFO     2013-04-14 19:14:33,768 server.py:561] default: "GET /static/js/view/language.js HTTP/1.1" 304 -
INFO     2013-04-14 19:14:33,769 server.py:561] default: "GET /static/js/model/base.js HTTP/1.1" 304 -
INFO     2013-04-14 19:14:33,773 server.py:561] default: "GET /static/js/elements/social.js HTTP/1.1" 304 -
INFO     2013-04-14 19:14:33,781 server.py:561] default: "GET /static/js/controllers/admin/category.js HTTP/1.1" 304 -
INFO     2013-04-14 19:14:33,784 server.py:561] default: "GET /static/js/controllers/admin/content.js HTTP/1.1" 304 -
INFO     2013-04-14 19:14:33,785 server.py:561] default: "GET /static/js/controllers/admin/bookable.js HTTP/1.1" 304 -
INFO     2013-04-14 19:14:33,786 server.py:561] default: "GET /static/js/controllers/category.js HTTP/1.1" 304 -
INFO     2013-04-14 19:14:33,787 server.py:561] default: "GET /static/js/elements/modal.js HTTP/1.1" 304 -
INFO     2013-04-14 19:14:33,788 server.py:561] default: "GET /static/js/view/category.js HTTP/1.1" 304 -
INFO     2013-04-14 19:14:33,789 server.py:561] default: "GET /static/js/controllers/admin/booking.js HTTP/1.1" 304 -
INFO     2013-04-14 19:14:34,480 server.py:561] default: "GET /static/js/test/integration.js HTTP/1.1" 304 -
INFO     2013-04-14 19:14:34,481 server.py:561] default: "GET /static/js/test/booking.js HTTP/1.1" 304 -
INFO     2013-04-14 19:14:34,481 server.py:561] default: "GET /static/js/test/category.js HTTP/1.1" 304 -
INFO     2013-04-14 19:14:34,486 server.py:561] default: "GET /static/js/test/bookable.js HTTP/1.1" 304 -
INFO     2013-04-14 19:14:34,486 server.py:561] default: "GET /static/js/test/content.js HTTP/1.1" 304 -
INFO     2013-04-14 19:14:34,487 server.py:561] default: "GET /static/js/test/social.js HTTP/1.1" 304 -
INFO     2013-04-14 19:14:34,493 server.py:561] default: "GET /static/js/helpers/cookies.js HTTP/1.1" 304 -
INFO     2013-04-14 19:14:34,495 server.py:561] default: "GET /static/js/helpers/i18n.js HTTP/1.1" 304 -
INFO     2013-04-14 19:14:34,498 server.py:561] default: "GET /static/lib/jquery-1.9.1.min.js HTTP/1.1" 304 -
INFO     2013-04-14 19:14:34,498 server.py:561] default: "GET /static/js/elements/dialog.js HTTP/1.1" 304 -
INFO     2013-04-14 19:14:34,503 server.py:561] default: "GET /static/js/helpers/transparency.js HTTP/1.1" 304 -
INFO     2013-04-14 19:14:34,506 server.py:561] default: "GET /static/js/view/common.js HTTP/1.1" 304 -
INFO     2013-04-14 19:14:34,507 server.py:561] default: "GET /static/js/view/bookable.js HTTP/1.1" 304 -
INFO     2013-04-14 19:14:34,509 server.py:561] default: "GET /static/js/view/directives/menu.js HTTP/1.1" 304 -
INFO     2013-04-14 19:14:34,512 server.py:561] default: "GET /static/js/elements/admin/controls.js HTTP/1.1" 304 -
INFO     2013-04-14 19:14:34,513 server.py:561] default: "GET /static/js/view/directives/body.js HTTP/1.1" 304 -
INFO     2013-04-14 19:14:34,518 server.py:561] default: "GET /static/js/controllers/booking.js HTTP/1.1" 304 -
INFO     2013-04-14 19:14:34,519 server.py:561] default: "GET /static/js/view/directives/bookable.js HTTP/1.1" 304 -
INFO     2013-04-14 19:14:34,519 server.py:561] default: "GET /static/js/view/directives/content.js HTTP/1.1" 304 -
INFO     2013-04-14 19:14:34,520 server.py:561] default: "GET /static/js/view/directives/admin/booking.js HTTP/1.1" 304 -
INFO     2013-04-14 19:14:34,523 server.py:561] default: "GET /static/js/helpers/fixit.js HTTP/1.1" 304 -
INFO     2013-04-14 19:14:34,524 server.py:561] default: "GET /static/js/view/directives/admin/bookingDetails.js HTTP/1.1" 304 -
INFO     2013-04-14 19:14:34,525 server.py:561] default: "GET /static/js/elements/notification.js HTTP/1.1" 304 -
INFO     2013-04-14 19:14:35,092 server.py:561] default: "GET /static/js/test/elements/dialog.js HTTP/1.1" 304 -
INFO     2013-04-14 19:14:35,093 server.py:561] default: "GET /static/js/test/util.js HTTP/1.1" 304 -
INFO     2013-04-14 19:14:35,102 server.py:561] default: "GET /static/js/helpers/wysihtml5.js HTTP/1.1" 304 -
INFO     2013-04-14 19:14:35,102 server.py:561] default: "GET /static/js/helpers/form.js HTTP/1.1" 304 -
INFO     2013-04-14 19:14:35,128 server.py:561] default: "GET /static/lib/transparency.min.js HTTP/1.1" 304 -
INFO     2013-04-14 19:14:35,132 server.py:561] default: "GET /static/js/helpers/picaslide.js HTTP/1.1" 304 -
INFO     2013-04-14 19:14:35,133 server.py:561] default: "GET /static/js/helpers/tooltip.js HTTP/1.1" 304 -
INFO     2013-04-14 19:14:35,133 server.py:561] default: "GET /static/js/controllers/booking_form.js HTTP/1.1" 304 -
INFO     2013-04-14 19:14:35,134 server.py:561] default: "GET /static/js/view/directives/admin/user.js HTTP/1.1" 304 -
INFO     2013-04-14 19:14:35,135 server.py:561] default: "GET /static/js/view/directives/common.js HTTP/1.1" 304 -
INFO     2013-04-14 19:14:35,141 server.py:561] default: "GET /static/lib/bootstrap/js/bootstrap.min.js HTTP/1.1" 304 -
INFO     2013-04-14 19:14:35,146 server.py:561] default: "GET /static/lib/bootstrap-datepicker/datepicker.js HTTP/1.1" 304 -
INFO     2013-04-14 19:14:35,432 server.py:561] default: "GET /static/lib/wysihtml5/js/bootstrap-wysihtml5.js HTTP/1.1" 304 -
INFO     2013-04-14 19:14:35,454 server.py:561] default: "GET /static/js/elements/fullscreen.js HTTP/1.1" 304 -
INFO     2013-04-14 19:14:35,461 server.py:561] default: "GET /static/js/helpers/date.js HTTP/1.1" 304 -
INFO     2013-04-14 19:14:35,505 server.py:561] default: "GET /static/lib/picasa.js HTTP/1.1" 304 -
INFO     2013-04-14 19:14:35,724 server.py:561] default: "GET /static/lib/jquery-ui-1.8.20.custom.min.js HTTP/1.1" 304 -
INFO     2013-04-14 19:14:35,724 server.py:561] default: "GET /static/lib/wysihtml5/js/advanced_parser_rules.js HTTP/1.1" 304 -
INFO     2013-04-14 19:14:35,725 server.py:561] default: "GET /static/lib/wysihtml5/js/wysihtml5-0.3.0.min.js HTTP/1.1" 304 -
INFO     2013-04-14 19:14:35,928 server.py:561] default: "GET /static/lib/slides.min.jquery.js HTTP/1.1" 304 -
INFO     2013-04-14 19:14:36,714 server.py:561] default: "GET /static/img/picasa_s.png HTTP/1.1" 304 -
WARNING  2013-04-14 19:17:12,482 base.py:32] <type 'bool'>
WARNING  2013-04-14 19:17:12,483 base.py:32] <type 'long'>
WARNING  2013-04-14 19:17:12,512 base.py:32] <type 'long'>
WARNING  2013-04-14 19:17:12,513 base.py:32] <type 'long'>
WARNING  2013-04-14 19:17:12,520 base.py:32] <type 'long'>
WARNING  2013-04-14 19:17:12,521 base.py:32] <type 'unicode'>
WARNING  2013-04-14 19:17:12,521 base.py:32] <type 'long'>
WARNING  2013-04-14 19:17:12,538 base.py:32] <type 'long'>
WARNING  2013-04-14 19:17:12,538 base.py:32] <type 'long'>
WARNING  2013-04-14 19:17:12,548 base.py:32] <type 'bool'>
WARNING  2013-04-14 19:17:12,548 base.py:32] <class 'google.appengine.api.datastore_types.Text'>
WARNING  2013-04-14 19:17:12,548 base.py:32] <type 'datetime.date'>
WARNING  2013-04-14 19:17:12,549 base.py:32] <type 'datetime.date'>
WARNING  2013-04-14 19:17:12,549 base.py:32] <type 'bool'>
WARNING  2013-04-14 19:17:12,678 base.py:32] <type 'long'>
WARNING  2013-04-14 19:17:12,678 base.py:32] <type 'long'>
WARNING  2013-04-14 19:17:12,687 base.py:32] <type 'bool'>
WARNING  2013-04-14 19:17:12,688 base.py:32] <class 'google.appengine.api.datastore_types.Text'>
WARNING  2013-04-14 19:17:12,688 base.py:32] <type 'datetime.date'>
WARNING  2013-04-14 19:17:12,688 base.py:32] <type 'datetime.date'>
WARNING  2013-04-14 19:17:12,689 base.py:32] <type 'bool'>
WARNING  2013-04-14 19:17:12,698 base.py:32] <type 'unicode'>
WARNING  2013-04-14 19:17:12,698 base.py:32] <type 'unicode'>
WARNING  2013-04-14 19:17:12,699 base.py:32] <type 'unicode'>
WARNING  2013-04-14 19:17:12,699 base.py:32] <type 'unicode'>
WARNING  2013-04-14 19:17:12,699 base.py:32] <type 'long'>
WARNING  2013-04-14 19:17:12,700 base.py:32] <type 'unicode'>
WARNING  2013-04-14 19:17:12,700 base.py:32] <type 'unicode'>
WARNING  2013-04-14 19:17:12,700 base.py:32] <type 'unicode'>
WARNING  2013-04-14 19:17:12,701 base.py:32] <type 'unicode'>
WARNING  2013-04-14 19:17:12,715 base.py:32] <type 'unicode'>
WARNING  2013-04-14 19:17:12,716 base.py:32] <type 'unicode'>
WARNING  2013-04-14 19:17:12,716 base.py:32] <type 'unicode'>
WARNING  2013-04-14 19:17:12,717 base.py:32] <type 'unicode'>
WARNING  2013-04-14 19:17:12,717 base.py:32] <type 'unicode'>
WARNING  2013-04-14 19:17:12,717 base.py:32] <type 'unicode'>
INFO     2013-04-14 19:17:13,020 server.py:561] default: "GET / HTTP/1.1" 200 24450
INFO     2013-04-14 19:17:13,122 server.py:561] default: "GET /static/css/admin_main.css HTTP/1.1" 304 -
INFO     2013-04-14 19:17:13,126 server.py:561] default: "GET /static/lib/require.js HTTP/1.1" 304 -
INFO     2013-04-14 19:17:13,170 server.py:561] default: "GET /static/img/favicon.ico HTTP/1.1" 304 -
INFO     2013-04-14 19:17:13,762 server.py:561] default: "GET /static/img/noise.png HTTP/1.1" 304 -
INFO     2013-04-14 19:17:13,776 server.py:561] default: "GET /static/img/coffeecup.png HTTP/1.1" 304 -
INFO     2013-04-14 19:17:13,781 server.py:561] default: "GET /static/img/glyphicons-halflings-white.png HTTP/1.1" 304 -
INFO     2013-04-14 19:17:13,781 server.py:561] default: "GET /static/img/social/social_sprite_48.png HTTP/1.1" 304 -
INFO     2013-04-14 19:17:13,866 server.py:561] default: "GET /static/js/main.admin.js HTTP/1.1" 304 -
INFO     2013-04-14 19:17:14,014 server.py:561] default: "GET /static/js/config.js HTTP/1.1" 304 -
INFO     2013-04-14 19:17:14,015 server.py:561] default: "GET /static/js/test/main.js HTTP/1.1" 304 -
INFO     2013-04-14 19:17:14,019 server.py:561] default: "GET /static/lib/underscore.min.js HTTP/1.1" 304 -
INFO     2013-04-14 19:17:14,023 server.py:561] default: "GET /static/js/elements/modal.js HTTP/1.1" 304 -
INFO     2013-04-14 19:17:14,024 server.py:561] default: "GET /static/js/elements/social.js HTTP/1.1" 304 -
INFO     2013-04-14 19:17:14,025 server.py:561] default: "GET /static/js/view/category.js HTTP/1.1" 304 -
INFO     2013-04-14 19:17:14,025 server.py:561] default: "GET /static/js/view/language.js HTTP/1.1" 304 -
INFO     2013-04-14 19:17:14,031 server.py:561] default: "GET /static/js/model/base.js HTTP/1.1" 304 -
INFO     2013-04-14 19:17:14,031 server.py:561] default: "GET /static/js/controllers/category.js HTTP/1.1" 304 -
INFO     2013-04-14 19:17:14,034 server.py:561] default: "GET /static/js/controllers/admin/category.js HTTP/1.1" 304 -
INFO     2013-04-14 19:17:14,034 server.py:561] default: "GET /static/js/controllers/admin/bookable.js HTTP/1.1" 304 -
INFO     2013-04-14 19:17:14,035 server.py:561] default: "GET /static/js/controllers/admin/booking.js HTTP/1.1" 304 -
INFO     2013-04-14 19:17:14,036 server.py:561] default: "GET /static/js/controllers/admin/content.js HTTP/1.1" 304 -
INFO     2013-04-14 19:17:14,265 server.py:561] default: "GET /static/js/test/content.js HTTP/1.1" 304 -
INFO     2013-04-14 19:17:14,272 server.py:561] default: "GET /static/js/test/category.js HTTP/1.1" 304 -
INFO     2013-04-14 19:17:14,272 server.py:561] default: "GET /static/js/test/integration.js HTTP/1.1" 304 -
INFO     2013-04-14 19:17:14,273 server.py:561] default: "GET /static/js/test/booking.js HTTP/1.1" 304 -
INFO     2013-04-14 19:17:14,274 server.py:561] default: "GET /static/js/test/bookable.js HTTP/1.1" 304 -
INFO     2013-04-14 19:17:14,274 server.py:561] default: "GET /static/js/test/social.js HTTP/1.1" 304 -
INFO     2013-04-14 19:17:14,275 server.py:561] default: "GET /static/js/elements/notification.js HTTP/1.1" 304 -
INFO     2013-04-14 19:17:14,281 server.py:561] default: "GET /static/lib/jquery-1.9.1.min.js HTTP/1.1" 304 -
INFO     2013-04-14 19:17:14,287 server.py:561] default: "GET /static/js/elements/dialog.js HTTP/1.1" 304 -
INFO     2013-04-14 19:17:14,288 server.py:561] default: "GET /static/js/view/bookable.js HTTP/1.1" 304 -
INFO     2013-04-14 19:17:14,288 server.py:561] default: "GET /static/js/view/directives/body.js HTTP/1.1" 304 -
INFO     2013-04-14 19:17:14,290 server.py:561] default: "GET /static/js/view/common.js HTTP/1.1" 304 -
INFO     2013-04-14 19:17:14,292 server.py:561] default: "GET /static/js/view/directives/menu.js HTTP/1.1" 304 -
INFO     2013-04-14 19:17:14,294 server.py:561] default: "GET /static/js/controllers/booking.js HTTP/1.1" 304 -
INFO     2013-04-14 19:17:14,299 server.py:561] default: "GET /static/js/helpers/cookies.js HTTP/1.1" 304 -
INFO     2013-04-14 19:17:14,302 server.py:561] default: "GET /static/js/helpers/fixit.js HTTP/1.1" 304 -
INFO     2013-04-14 19:17:14,303 server.py:561] default: "GET /static/js/helpers/i18n.js HTTP/1.1" 304 -
INFO     2013-04-14 19:17:14,304 server.py:561] default: "GET /static/js/helpers/transparency.js HTTP/1.1" 304 -
INFO     2013-04-14 19:17:14,306 server.py:561] default: "GET /static/js/elements/admin/controls.js HTTP/1.1" 304 -
INFO     2013-04-14 19:17:14,306 server.py:561] default: "GET /static/js/view/directives/bookable.js HTTP/1.1" 304 -
INFO     2013-04-14 19:17:14,308 server.py:561] default: "GET /static/js/view/directives/admin/booking.js HTTP/1.1" 304 -
INFO     2013-04-14 19:17:14,309 server.py:561] default: "GET /static/js/view/directives/admin/bookingDetails.js HTTP/1.1" 304 -
INFO     2013-04-14 19:17:14,310 server.py:561] default: "GET /static/js/view/directives/content.js HTTP/1.1" 304 -
INFO     2013-04-14 19:17:14,890 server.py:561] default: "GET /static/js/test/elements/dialog.js HTTP/1.1" 304 -
INFO     2013-04-14 19:17:14,890 server.py:561] default: "GET /static/js/test/util.js HTTP/1.1" 304 -
INFO     2013-04-14 19:17:14,901 server.py:561] default: "GET /static/lib/transparency.min.js HTTP/1.1" 304 -
INFO     2013-04-14 19:17:14,904 server.py:561] default: "GET /static/js/view/directives/common.js HTTP/1.1" 304 -
INFO     2013-04-14 19:17:14,905 server.py:561] default: "GET /static/js/helpers/tooltip.js HTTP/1.1" 304 -
INFO     2013-04-14 19:17:14,906 server.py:561] default: "GET /static/js/controllers/booking_form.js HTTP/1.1" 304 -
INFO     2013-04-14 19:17:14,906 server.py:561] default: "GET /static/js/helpers/picaslide.js HTTP/1.1" 304 -
INFO     2013-04-14 19:17:14,907 server.py:561] default: "GET /static/js/helpers/form.js HTTP/1.1" 304 -
INFO     2013-04-14 19:17:14,916 server.py:561] default: "GET /static/js/helpers/wysihtml5.js HTTP/1.1" 304 -
INFO     2013-04-14 19:17:14,918 server.py:561] default: "GET /static/js/view/directives/admin/user.js HTTP/1.1" 304 -
INFO     2013-04-14 19:17:14,933 server.py:561] default: "GET /static/lib/bootstrap-datepicker/datepicker.js HTTP/1.1" 304 -
INFO     2013-04-14 19:17:14,940 server.py:561] default: "GET /static/lib/bootstrap/js/bootstrap.min.js HTTP/1.1" 304 -
INFO     2013-04-14 19:17:15,200 server.py:561] default: "GET /static/js/helpers/date.js HTTP/1.1" 304 -
INFO     2013-04-14 19:17:15,203 server.py:561] default: "GET /static/js/elements/fullscreen.js HTTP/1.1" 304 -
INFO     2013-04-14 19:17:15,205 server.py:561] default: "GET /static/lib/picasa.js HTTP/1.1" 304 -
INFO     2013-04-14 19:17:15,217 server.py:561] default: "GET /static/lib/wysihtml5/js/bootstrap-wysihtml5.js HTTP/1.1" 304 -
INFO     2013-04-14 19:17:15,235 server.py:561] default: "GET /static/lib/jquery-ui-1.8.20.custom.min.js HTTP/1.1" 304 -
INFO     2013-04-14 19:17:15,374 server.py:561] default: "GET /static/lib/wysihtml5/js/wysihtml5-0.3.0.min.js HTTP/1.1" 304 -
INFO     2013-04-14 19:17:15,374 server.py:561] default: "GET /static/lib/wysihtml5/js/advanced_parser_rules.js HTTP/1.1" 304 -
INFO     2013-04-14 19:17:15,377 server.py:561] default: "GET /static/lib/slides.min.jquery.js HTTP/1.1" 304 -
INFO     2013-04-14 19:17:16,133 server.py:561] default: "GET /static/img/picasa_s.png HTTP/1.1" 304 -
ERROR    2013-04-14 19:19:07,361 app.py:1306] Exception on / [GET]
Traceback (most recent call last):
  File "/home/albertmatyi/work/python/hotelmotel/flask/app.py", line 1687, in wsgi_app
    response = self.full_dispatch_request()
  File "/home/albertmatyi/work/python/hotelmotel/flask/app.py", line 1360, in full_dispatch_request
    rv = self.handle_user_exception(e)
  File "/home/albertmatyi/work/python/hotelmotel/flask/app.py", line 1358, in full_dispatch_request
    rv = self.dispatch_request()
  File "/home/albertmatyi/work/python/hotelmotel/flask/app.py", line 1344, in dispatch_request
    return self.view_functions[rule.endpoint](**req.view_args)
  File "/home/albertmatyi/work/python/hotelmotel/application/controllers/category.py", line 35, in home
    categories = [e.to_dict() for e in qry]
  File "/home/albertmatyi/work/python/hotelmotel/application/models/i18n.py", line 39, in to_dict
    ddct = super(I18nableModel, self).to_dict()
  File "/home/albertmatyi/work/python/hotelmotel/application/models/base.py", line 29, in to_dict
    elif date_converter.is_date_type(tp):
TypeError: is_date_type() takes exactly 1 argument (2 given)
INFO     2013-04-14 19:19:07,370 server.py:561] default: "GET / HTTP/1.1" 500 82
WARNING  2013-04-14 19:19:19,773 base.py:32] <type 'long'>
WARNING  2013-04-14 19:19:19,774 base.py:32] <type 'bool'>
WARNING  2013-04-14 19:19:19,813 base.py:32] <type 'long'>
WARNING  2013-04-14 19:19:19,813 base.py:32] <type 'unicode'>
WARNING  2013-04-14 19:19:19,814 base.py:32] <type 'long'>
WARNING  2013-04-14 19:19:19,814 base.py:32] <type 'long'>
WARNING  2013-04-14 19:19:19,814 base.py:32] <type 'long'>
WARNING  2013-04-14 19:19:19,843 base.py:32] <type 'bool'>
WARNING  2013-04-14 19:19:19,844 base.py:32] <type 'datetime.date'>
WARNING  2013-04-14 19:19:19,855 base.py:32] <type 'long'>
WARNING  2013-04-14 19:19:19,856 base.py:32] <class 'google.appengine.api.datastore_types.Text'>
WARNING  2013-04-14 19:19:19,856 base.py:32] <type 'bool'>
WARNING  2013-04-14 19:19:19,857 base.py:32] <type 'datetime.date'>
WARNING  2013-04-14 19:19:19,857 base.py:32] <type 'long'>
WARNING  2013-04-14 19:19:19,997 base.py:32] <type 'bool'>
WARNING  2013-04-14 19:19:19,998 base.py:32] <type 'datetime.date'>
WARNING  2013-04-14 19:19:20,010 base.py:32] <type 'long'>
WARNING  2013-04-14 19:19:20,011 base.py:32] <class 'google.appengine.api.datastore_types.Text'>
WARNING  2013-04-14 19:19:20,011 base.py:32] <type 'bool'>
WARNING  2013-04-14 19:19:20,011 base.py:32] <type 'datetime.date'>
WARNING  2013-04-14 19:19:20,012 base.py:32] <type 'long'>
WARNING  2013-04-14 19:19:20,012 base.py:32] <type 'unicode'>
WARNING  2013-04-14 19:19:20,012 base.py:32] <type 'unicode'>
WARNING  2013-04-14 19:19:20,013 base.py:32] <type 'unicode'>
WARNING  2013-04-14 19:19:20,013 base.py:32] <type 'unicode'>
WARNING  2013-04-14 19:19:20,013 base.py:32] <type 'unicode'>
WARNING  2013-04-14 19:19:20,013 base.py:32] <type 'long'>
WARNING  2013-04-14 19:19:20,014 base.py:32] <type 'unicode'>
WARNING  2013-04-14 19:19:20,014 base.py:32] <type 'unicode'>
WARNING  2013-04-14 19:19:20,014 base.py:32] <type 'unicode'>
WARNING  2013-04-14 19:19:20,034 base.py:32] <type 'unicode'>
WARNING  2013-04-14 19:19:20,035 base.py:32] <type 'unicode'>
WARNING  2013-04-14 19:19:20,035 base.py:32] <type 'unicode'>
WARNING  2013-04-14 19:19:20,036 base.py:32] <type 'unicode'>
WARNING  2013-04-14 19:19:20,036 base.py:32] <type 'unicode'>
WARNING  2013-04-14 19:19:20,037 base.py:32] <type 'unicode'>
INFO     2013-04-14 19:19:20,316 server.py:561] default: "GET / HTTP/1.1" 200 24450
INFO     2013-04-14 19:19:20,409 server.py:561] default: "GET /static/css/admin_main.css HTTP/1.1" 304 -
INFO     2013-04-14 19:19:20,409 server.py:561] default: "GET /static/lib/require.js HTTP/1.1" 304 -
INFO     2013-04-14 19:19:20,425 server.py:561] default: "GET /static/img/favicon.ico HTTP/1.1" 304 -
INFO     2013-04-14 19:19:21,024 server.py:561] default: "GET /static/img/noise.png HTTP/1.1" 304 -
INFO     2013-04-14 19:19:21,043 server.py:561] default: "GET /static/img/coffeecup.png HTTP/1.1" 304 -
INFO     2013-04-14 19:19:21,044 server.py:561] default: "GET /static/img/glyphicons-halflings-white.png HTTP/1.1" 304 -
INFO     2013-04-14 19:19:21,049 server.py:561] default: "GET /static/js/main.admin.js HTTP/1.1" 304 -
INFO     2013-04-14 19:19:21,050 server.py:561] default: "GET /static/img/social/social_sprite_48.png HTTP/1.1" 304 -
INFO     2013-04-14 19:19:21,207 server.py:561] default: "GET /static/lib/underscore.min.js HTTP/1.1" 304 -
INFO     2013-04-14 19:19:21,212 server.py:561] default: "GET /static/js/config.js HTTP/1.1" 304 -
INFO     2013-04-14 19:19:21,213 server.py:561] default: "GET /static/js/test/main.js HTTP/1.1" 304 -
INFO     2013-04-14 19:19:21,215 server.py:561] default: "GET /static/js/elements/modal.js HTTP/1.1" 304 -
INFO     2013-04-14 19:19:21,218 server.py:561] default: "GET /static/js/elements/social.js HTTP/1.1" 304 -
INFO     2013-04-14 19:19:21,220 server.py:561] default: "GET /static/js/model/base.js HTTP/1.1" 304 -
INFO     2013-04-14 19:19:21,221 server.py:561] default: "GET /static/js/view/category.js HTTP/1.1" 304 -
INFO     2013-04-14 19:19:21,224 server.py:561] default: "GET /static/js/view/language.js HTTP/1.1" 304 -
INFO     2013-04-14 19:19:21,227 server.py:561] default: "GET /static/js/controllers/category.js HTTP/1.1" 304 -
INFO     2013-04-14 19:19:21,228 server.py:561] default: "GET /static/js/controllers/admin/content.js HTTP/1.1" 304 -
INFO     2013-04-14 19:19:21,229 server.py:561] default: "GET /static/js/controllers/admin/bookable.js HTTP/1.1" 304 -
INFO     2013-04-14 19:19:21,230 server.py:561] default: "GET /static/js/controllers/admin/booking.js HTTP/1.1" 304 -
INFO     2013-04-14 19:19:21,230 server.py:561] default: "GET /static/js/controllers/admin/category.js HTTP/1.1" 304 -
INFO     2013-04-14 19:19:21,473 server.py:561] default: "GET /static/js/test/booking.js HTTP/1.1" 304 -
INFO     2013-04-14 19:19:21,474 server.py:561] default: "GET /static/js/test/integration.js HTTP/1.1" 304 -
INFO     2013-04-14 19:19:21,476 server.py:561] default: "GET /static/js/test/category.js HTTP/1.1" 304 -
INFO     2013-04-14 19:19:21,477 server.py:561] default: "GET /static/js/test/bookable.js HTTP/1.1" 304 -
INFO     2013-04-14 19:19:21,477 server.py:561] default: "GET /static/js/test/content.js HTTP/1.1" 304 -
INFO     2013-04-14 19:19:21,481 server.py:561] default: "GET /static/js/test/social.js HTTP/1.1" 304 -
INFO     2013-04-14 19:19:21,487 server.py:561] default: "GET /static/js/elements/notification.js HTTP/1.1" 304 -
INFO     2013-04-14 19:19:21,487 server.py:561] default: "GET /static/lib/jquery-1.9.1.min.js HTTP/1.1" 304 -
INFO     2013-04-14 19:19:21,488 server.py:561] default: "GET /static/js/elements/dialog.js HTTP/1.1" 304 -
INFO     2013-04-14 19:19:21,492 server.py:561] default: "GET /static/js/view/directives/menu.js HTTP/1.1" 304 -
INFO     2013-04-14 19:19:21,495 server.py:561] default: "GET /static/js/view/bookable.js HTTP/1.1" 304 -
INFO     2013-04-14 19:19:21,498 server.py:561] default: "GET /static/js/view/directives/body.js HTTP/1.1" 304 -
INFO     2013-04-14 19:19:21,500 server.py:561] default: "GET /static/js/helpers/cookies.js HTTP/1.1" 304 -
INFO     2013-04-14 19:19:21,500 server.py:561] default: "GET /static/js/controllers/booking.js HTTP/1.1" 304 -
INFO     2013-04-14 19:19:21,505 server.py:561] default: "GET /static/js/view/common.js HTTP/1.1" 304 -
INFO     2013-04-14 19:19:21,506 server.py:561] default: "GET /static/js/helpers/fixit.js HTTP/1.1" 304 -
INFO     2013-04-14 19:19:21,509 server.py:561] default: "GET /static/js/helpers/transparency.js HTTP/1.1" 304 -
INFO     2013-04-14 19:19:21,512 server.py:561] default: "GET /static/js/helpers/i18n.js HTTP/1.1" 304 -
INFO     2013-04-14 19:19:21,513 server.py:561] default: "GET /static/js/view/directives/admin/booking.js HTTP/1.1" 304 -
INFO     2013-04-14 19:19:21,514 server.py:561] default: "GET /static/js/view/directives/content.js HTTP/1.1" 304 -
INFO     2013-04-14 19:19:21,515 server.py:561] default: "GET /static/js/view/directives/bookable.js HTTP/1.1" 304 -
INFO     2013-04-14 19:19:21,515 server.py:561] default: "GET /static/js/elements/admin/controls.js HTTP/1.1" 304 -
INFO     2013-04-14 19:19:21,516 server.py:561] default: "GET /static/js/view/directives/admin/bookingDetails.js HTTP/1.1" 304 -
INFO     2013-04-14 19:19:21,963 server.py:561] default: "GET /static/js/test/util.js HTTP/1.1" 304 -
INFO     2013-04-14 19:19:21,963 server.py:561] default: "GET /static/js/test/elements/dialog.js HTTP/1.1" 304 -
INFO     2013-04-14 19:19:21,967 server.py:561] default: "GET /static/lib/transparency.min.js HTTP/1.1" 304 -
INFO     2013-04-14 19:19:21,986 server.py:561] default: "GET /static/js/view/directives/common.js HTTP/1.1" 304 -
INFO     2013-04-14 19:19:21,986 server.py:561] default: "GET /static/js/controllers/booking_form.js HTTP/1.1" 304 -
INFO     2013-04-14 19:19:21,989 server.py:561] default: "GET /static/js/helpers/tooltip.js HTTP/1.1" 304 -
INFO     2013-04-14 19:19:21,990 server.py:561] default: "GET /static/js/helpers/picaslide.js HTTP/1.1" 304 -
INFO     2013-04-14 19:19:21,990 server.py:561] default: "GET /static/js/helpers/form.js HTTP/1.1" 304 -
INFO     2013-04-14 19:19:21,991 server.py:561] default: "GET /static/js/helpers/wysihtml5.js HTTP/1.1" 304 -
INFO     2013-04-14 19:19:21,992 server.py:561] default: "GET /static/js/view/directives/admin/user.js HTTP/1.1" 304 -
INFO     2013-04-14 19:19:21,994 server.py:561] default: "GET /static/lib/bootstrap-datepicker/datepicker.js HTTP/1.1" 304 -
INFO     2013-04-14 19:19:21,999 server.py:561] default: "GET /static/lib/bootstrap/js/bootstrap.min.js HTTP/1.1" 304 -
INFO     2013-04-14 19:19:22,412 server.py:561] default: "GET /static/js/helpers/date.js HTTP/1.1" 304 -
INFO     2013-04-14 19:19:22,413 server.py:561] default: "GET /static/js/elements/fullscreen.js HTTP/1.1" 304 -
INFO     2013-04-14 19:19:22,415 server.py:561] default: "GET /static/lib/wysihtml5/js/bootstrap-wysihtml5.js HTTP/1.1" 304 -
INFO     2013-04-14 19:19:22,442 server.py:561] default: "GET /static/lib/picasa.js HTTP/1.1" 304 -
INFO     2013-04-14 19:19:22,488 server.py:561] default: "GET /static/lib/jquery-ui-1.8.20.custom.min.js HTTP/1.1" 304 -
INFO     2013-04-14 19:19:22,525 server.py:561] default: "GET /static/lib/wysihtml5/js/advanced_parser_rules.js HTTP/1.1" 304 -
INFO     2013-04-14 19:19:22,525 server.py:561] default: "GET /static/lib/wysihtml5/js/wysihtml5-0.3.0.min.js HTTP/1.1" 304 -
INFO     2013-04-14 19:19:22,652 server.py:561] default: "GET /static/lib/slides.min.jquery.js HTTP/1.1" 304 -
INFO     2013-04-14 19:19:23,402 server.py:561] default: "GET /static/img/picasa_s.png HTTP/1.1" 304 -
WARNING  2013-04-14 19:20:21,833 base.py:32] <type 'bool'>
WARNING  2013-04-14 19:20:21,834 base.py:32] <type 'long'>
WARNING  2013-04-14 19:20:21,864 base.py:32] <type 'long'>
WARNING  2013-04-14 19:20:21,864 base.py:32] <type 'long'>
WARNING  2013-04-14 19:20:21,865 base.py:32] <type 'long'>
WARNING  2013-04-14 19:20:21,874 base.py:32] <type 'unicode'>
WARNING  2013-04-14 19:20:21,874 base.py:32] <type 'long'>
WARNING  2013-04-14 19:20:21,917 base.py:32] <type 'bool'>
WARNING  2013-04-14 19:20:21,917 base.py:32] <class 'google.appengine.api.datastore_types.Text'>
WARNING  2013-04-14 19:20:21,918 base.py:32] <type 'long'>
WARNING  2013-04-14 19:20:21,918 base.py:32] <type 'bool'>
WARNING  2013-04-14 19:20:21,919 base.py:32] <type 'long'>
WARNING  2013-04-14 19:20:22,064 base.py:32] <type 'bool'>
WARNING  2013-04-14 19:20:22,064 base.py:32] <class 'google.appengine.api.datastore_types.Text'>
WARNING  2013-04-14 19:20:22,065 base.py:32] <type 'long'>
WARNING  2013-04-14 19:20:22,065 base.py:32] <type 'bool'>
WARNING  2013-04-14 19:20:22,066 base.py:32] <type 'long'>
WARNING  2013-04-14 19:20:22,066 base.py:32] <type 'unicode'>
WARNING  2013-04-14 19:20:22,067 base.py:32] <type 'long'>
WARNING  2013-04-14 19:20:22,067 base.py:32] <type 'unicode'>
WARNING  2013-04-14 19:20:22,067 base.py:32] <type 'unicode'>
WARNING  2013-04-14 19:20:22,068 base.py:32] <type 'unicode'>
WARNING  2013-04-14 19:20:22,068 base.py:32] <type 'unicode'>
WARNING  2013-04-14 19:20:22,068 base.py:32] <type 'unicode'>
WARNING  2013-04-14 19:20:22,068 base.py:32] <type 'unicode'>
WARNING  2013-04-14 19:20:22,069 base.py:32] <type 'unicode'>
WARNING  2013-04-14 19:20:22,087 base.py:32] <type 'unicode'>
WARNING  2013-04-14 19:20:22,087 base.py:32] <type 'unicode'>
WARNING  2013-04-14 19:20:22,088 base.py:32] <type 'unicode'>
WARNING  2013-04-14 19:20:22,088 base.py:32] <type 'unicode'>
WARNING  2013-04-14 19:20:22,088 base.py:32] <type 'unicode'>
WARNING  2013-04-14 19:20:22,089 base.py:32] <type 'unicode'>
INFO     2013-04-14 19:20:22,388 server.py:561] default: "GET / HTTP/1.1" 200 24450
INFO     2013-04-14 19:20:22,489 server.py:561] default: "GET /static/css/admin_main.css HTTP/1.1" 304 -
INFO     2013-04-14 19:20:22,492 server.py:561] default: "GET /static/lib/require.js HTTP/1.1" 304 -
INFO     2013-04-14 19:20:22,505 server.py:561] default: "GET /static/img/favicon.ico HTTP/1.1" 304 -
INFO     2013-04-14 19:20:23,062 server.py:561] default: "GET /static/img/noise.png HTTP/1.1" 304 -
INFO     2013-04-14 19:20:23,063 server.py:561] default: "GET /static/img/coffeecup.png HTTP/1.1" 304 -
INFO     2013-04-14 19:20:23,076 server.py:561] default: "GET /static/img/glyphicons-halflings-white.png HTTP/1.1" 304 -
INFO     2013-04-14 19:20:23,077 server.py:561] default: "GET /static/img/social/social_sprite_48.png HTTP/1.1" 304 -
INFO     2013-04-14 19:20:23,162 server.py:561] default: "GET /static/js/main.admin.js HTTP/1.1" 304 -
INFO     2013-04-14 19:20:23,293 server.py:561] default: "GET /static/lib/underscore.min.js HTTP/1.1" 304 -
INFO     2013-04-14 19:20:23,295 server.py:561] default: "GET /static/js/config.js HTTP/1.1" 304 -
INFO     2013-04-14 19:20:23,302 server.py:561] default: "GET /static/js/test/main.js HTTP/1.1" 304 -
INFO     2013-04-14 19:20:23,306 server.py:561] default: "GET /static/js/view/category.js HTTP/1.1" 304 -
INFO     2013-04-14 19:20:23,310 server.py:561] default: "GET /static/js/view/language.js HTTP/1.1" 304 -
INFO     2013-04-14 19:20:23,310 server.py:561] default: "GET /static/js/elements/social.js HTTP/1.1" 304 -
INFO     2013-04-14 19:20:23,314 server.py:561] default: "GET /static/js/elements/modal.js HTTP/1.1" 304 -
INFO     2013-04-14 19:20:23,315 server.py:561] default: "GET /static/js/model/base.js HTTP/1.1" 304 -
INFO     2013-04-14 19:20:23,317 server.py:561] default: "GET /static/js/controllers/category.js HTTP/1.1" 304 -
INFO     2013-04-14 19:20:23,318 server.py:561] default: "GET /static/js/controllers/admin/category.js HTTP/1.1" 304 -
INFO     2013-04-14 19:20:23,319 server.py:561] default: "GET /static/js/controllers/admin/content.js HTTP/1.1" 304 -
INFO     2013-04-14 19:20:23,319 server.py:561] default: "GET /static/js/controllers/admin/bookable.js HTTP/1.1" 304 -
INFO     2013-04-14 19:20:23,320 server.py:561] default: "GET /static/js/controllers/admin/booking.js HTTP/1.1" 304 -
INFO     2013-04-14 19:20:23,557 server.py:561] default: "GET /static/js/test/integration.js HTTP/1.1" 304 -
INFO     2013-04-14 19:20:23,557 server.py:561] default: "GET /static/js/test/content.js HTTP/1.1" 304 -
INFO     2013-04-14 19:20:23,558 server.py:561] default: "GET /static/js/test/category.js HTTP/1.1" 304 -
INFO     2013-04-14 19:20:23,573 server.py:561] default: "GET /static/js/test/bookable.js HTTP/1.1" 304 -
INFO     2013-04-14 19:20:23,573 server.py:561] default: "GET /static/js/test/booking.js HTTP/1.1" 304 -
INFO     2013-04-14 19:20:23,575 server.py:561] default: "GET /static/js/view/bookable.js HTTP/1.1" 304 -
INFO     2013-04-14 19:20:23,575 server.py:561] default: "GET /static/js/test/social.js HTTP/1.1" 304 -
INFO     2013-04-14 19:20:23,575 server.py:561] default: "GET /static/lib/jquery-1.9.1.min.js HTTP/1.1" 304 -
INFO     2013-04-14 19:20:23,579 server.py:561] default: "GET /static/js/view/directives/menu.js HTTP/1.1" 304 -
INFO     2013-04-14 19:20:23,585 server.py:561] default: "GET /static/js/view/directives/body.js HTTP/1.1" 304 -
INFO     2013-04-14 19:20:23,585 server.py:561] default: "GET /static/js/view/common.js HTTP/1.1" 304 -
INFO     2013-04-14 19:20:23,589 server.py:561] default: "GET /static/js/elements/dialog.js HTTP/1.1" 304 -
INFO     2013-04-14 19:20:23,589 server.py:561] default: "GET /static/js/helpers/cookies.js HTTP/1.1" 304 -
INFO     2013-04-14 19:20:23,592 server.py:561] default: "GET /static/js/controllers/booking.js HTTP/1.1" 304 -
INFO     2013-04-14 19:20:23,595 server.py:561] default: "GET /static/js/elements/notification.js HTTP/1.1" 304 -
INFO     2013-04-14 19:20:23,596 server.py:561] default: "GET /static/js/helpers/i18n.js HTTP/1.1" 304 -
INFO     2013-04-14 19:20:23,600 server.py:561] default: "GET /static/js/helpers/fixit.js HTTP/1.1" 304 -
INFO     2013-04-14 19:20:23,602 server.py:561] default: "GET /static/js/elements/admin/controls.js HTTP/1.1" 304 -
INFO     2013-04-14 19:20:23,603 server.py:561] default: "GET /static/js/helpers/transparency.js HTTP/1.1" 304 -
INFO     2013-04-14 19:20:23,604 server.py:561] default: "GET /static/js/view/directives/admin/booking.js HTTP/1.1" 304 -
INFO     2013-04-14 19:20:23,604 server.py:561] default: "GET /static/js/view/directives/content.js HTTP/1.1" 304 -
INFO     2013-04-14 19:20:23,605 server.py:561] default: "GET /static/js/view/directives/bookable.js HTTP/1.1" 304 -
INFO     2013-04-14 19:20:23,606 server.py:561] default: "GET /static/js/view/directives/admin/bookingDetails.js HTTP/1.1" 304 -
INFO     2013-04-14 19:20:24,033 server.py:561] default: "GET /static/js/test/util.js HTTP/1.1" 304 -
INFO     2013-04-14 19:20:24,038 server.py:561] default: "GET /static/js/test/elements/dialog.js HTTP/1.1" 304 -
INFO     2013-04-14 19:20:24,225 server.py:561] default: "GET /static/lib/transparency.min.js HTTP/1.1" 304 -
INFO     2013-04-14 19:20:24,229 server.py:561] default: "GET /static/js/view/directives/common.js HTTP/1.1" 304 -
INFO     2013-04-14 19:20:24,232 server.py:561] default: "GET /static/js/helpers/picaslide.js HTTP/1.1" 304 -
INFO     2013-04-14 19:20:24,245 server.py:561] default: "GET /static/js/helpers/form.js HTTP/1.1" 304 -
INFO     2013-04-14 19:20:24,245 server.py:561] default: "GET /static/js/helpers/tooltip.js HTTP/1.1" 304 -
INFO     2013-04-14 19:20:24,246 server.py:561] default: "GET /static/js/helpers/wysihtml5.js HTTP/1.1" 304 -
INFO     2013-04-14 19:20:24,246 server.py:561] default: "GET /static/js/controllers/booking_form.js HTTP/1.1" 304 -
INFO     2013-04-14 19:20:24,247 server.py:561] default: "GET /static/js/view/directives/admin/user.js HTTP/1.1" 304 -
INFO     2013-04-14 19:20:24,260 server.py:561] default: "GET /static/lib/bootstrap-datepicker/datepicker.js HTTP/1.1" 304 -
INFO     2013-04-14 19:20:24,273 server.py:561] default: "GET /static/lib/bootstrap/js/bootstrap.min.js HTTP/1.1" 304 -
INFO     2013-04-14 19:20:24,523 server.py:561] default: "GET /static/js/elements/fullscreen.js HTTP/1.1" 304 -
INFO     2013-04-14 19:20:24,524 server.py:561] default: "GET /static/lib/picasa.js HTTP/1.1" 304 -
INFO     2013-04-14 19:20:24,546 server.py:561] default: "GET /static/lib/wysihtml5/js/bootstrap-wysihtml5.js HTTP/1.1" 304 -
INFO     2013-04-14 19:20:24,546 server.py:561] default: "GET /static/js/helpers/date.js HTTP/1.1" 304 -
INFO     2013-04-14 19:20:24,579 server.py:561] default: "GET /static/lib/jquery-ui-1.8.20.custom.min.js HTTP/1.1" 304 -
INFO     2013-04-14 19:20:24,705 server.py:561] default: "GET /static/lib/wysihtml5/js/advanced_parser_rules.js HTTP/1.1" 304 -
INFO     2013-04-14 19:20:24,705 server.py:561] default: "GET /static/lib/wysihtml5/js/wysihtml5-0.3.0.min.js HTTP/1.1" 304 -
INFO     2013-04-14 19:20:24,721 server.py:561] default: "GET /static/lib/slides.min.jquery.js HTTP/1.1" 304 -
INFO     2013-04-14 19:20:25,488 server.py:561] default: "GET /static/img/picasa_s.png HTTP/1.1" 304 -
INFO     2013-04-14 19:20:36,141 server.py:561] default: "GET /static/img/favicon.ico HTTP/1.1" 304 -
INFO     2013-04-14 19:20:36,333 server.py:561] default: "GET /static/img/glyphicons-halflings.png HTTP/1.1" 304 -
INFO     2013-04-14 19:20:39,465 base.py:90] Populate quantity with 1
ERROR    2013-04-14 19:20:39,466 app.py:1306] Exception on /admin/bookings/ [POST]
Traceback (most recent call last):
  File "/home/albertmatyi/work/python/hotelmotel/flask/app.py", line 1687, in wsgi_app
    response = self.full_dispatch_request()
  File "/home/albertmatyi/work/python/hotelmotel/flask/app.py", line 1360, in full_dispatch_request
    rv = self.handle_user_exception(e)
  File "/home/albertmatyi/work/python/hotelmotel/flask/app.py", line 1358, in full_dispatch_request
    rv = self.dispatch_request()
  File "/home/albertmatyi/work/python/hotelmotel/flask/app.py", line 1344, in dispatch_request
    return self.view_functions[rule.endpoint](**req.view_args)
  File "/home/albertmatyi/work/python/hotelmotel/application/decorators.py", line 29, in decorated_view
    return func(*args, **kwargs)
  File "/home/albertmatyi/work/python/hotelmotel/application/controllers/booking.py", line 159, in update_booking
    booking.populate(obj).put()
  File "/home/albertmatyi/work/python/hotelmotel/application/models/base.py", line 79, in populate
    self.populate_field(dictionary, key)
  File "/home/albertmatyi/work/python/hotelmotel/application/models/base.py", line 92, in populate_field
    val = attr_type(val) if len(val) > 0 else 0
TypeError: object of type 'int' has no len()
INFO     2013-04-14 19:20:39,476 server.py:561] default: "POST /admin/bookings/ HTTP/1.1" 500 66
INFO     2013-04-14 19:38:53,396 base.py:88] Populate feedback with None
INFO     2013-04-14 19:38:53,397 base.py:88] Populate people with 1
INFO     2013-04-14 19:38:53,397 base.py:88] Populate paid with False
INFO     2013-04-14 19:38:53,397 base.py:88] Populate book_from with 2013-04-14
INFO     2013-04-14 19:38:53,398 base.py:88] Populate book_until with 2013-04-15
INFO     2013-04-14 19:38:53,398 base.py:88] Populate quantity with 1
ERROR    2013-04-14 19:38:53,401 app.py:1306] Exception on /admin/bookings/ [POST]
Traceback (most recent call last):
  File "/home/albertmatyi/work/python/hotelmotel/flask/app.py", line 1687, in wsgi_app
    response = self.full_dispatch_request()
  File "/home/albertmatyi/work/python/hotelmotel/flask/app.py", line 1360, in full_dispatch_request
    rv = self.handle_user_exception(e)
  File "/home/albertmatyi/work/python/hotelmotel/flask/app.py", line 1358, in full_dispatch_request
    rv = self.dispatch_request()
  File "/home/albertmatyi/work/python/hotelmotel/flask/app.py", line 1344, in dispatch_request
    return self.view_functions[rule.endpoint](**req.view_args)
  File "/home/albertmatyi/work/python/hotelmotel/application/decorators.py", line 29, in decorated_view
    return func(*args, **kwargs)
  File "/home/albertmatyi/work/python/hotelmotel/application/controllers/booking.py", line 159, in update_booking
    booking.populate(obj).put()
  File "/home/albertmatyi/work/python/hotelmotel/application/models/base.py", line 77, in populate
    self.populate_field(dictionary, key)
  File "/home/albertmatyi/work/python/hotelmotel/application/models/base.py", line 92, in populate_field
    val = attr_type(val) if len(val) > 0 else 0
TypeError: object of type 'int' has no len()
INFO     2013-04-14 19:38:53,414 server.py:561] default: "POST /admin/bookings/ HTTP/1.1" 500 66
INFO     2013-04-14 19:39:46,112 base.py:88] Populate quantity with 1
ERROR    2013-04-14 19:39:46,114 app.py:1306] Exception on /admin/bookings/ [POST]
Traceback (most recent call last):
  File "/home/albertmatyi/work/python/hotelmotel/flask/app.py", line 1687, in wsgi_app
    response = self.full_dispatch_request()
  File "/home/albertmatyi/work/python/hotelmotel/flask/app.py", line 1360, in full_dispatch_request
    rv = self.handle_user_exception(e)
  File "/home/albertmatyi/work/python/hotelmotel/flask/app.py", line 1358, in full_dispatch_request
    rv = self.dispatch_request()
  File "/home/albertmatyi/work/python/hotelmotel/flask/app.py", line 1344, in dispatch_request
    return self.view_functions[rule.endpoint](**req.view_args)
  File "/home/albertmatyi/work/python/hotelmotel/application/decorators.py", line 29, in decorated_view
    return func(*args, **kwargs)
  File "/home/albertmatyi/work/python/hotelmotel/application/controllers/booking.py", line 159, in update_booking
    booking.populate(obj).put()
  File "/home/albertmatyi/work/python/hotelmotel/application/models/base.py", line 77, in populate
    self.populate_field(dictionary, key)
  File "/home/albertmatyi/work/python/hotelmotel/application/models/base.py", line 90, in populate_field
    logging.info(valtype + ' ' + attr_type)
TypeError: unsupported operand type(s) for +: 'type' and 'str'
INFO     2013-04-14 19:39:46,126 server.py:561] default: "POST /admin/bookings/ HTTP/1.1" 500 84
INFO     2013-04-14 19:40:02,042 base.py:88] Populate book_from with 2013-04-14
INFO     2013-04-14 19:40:02,043 base.py:90] <type 'datetime.date'> <type 'datetime.date'>
INFO     2013-04-14 19:40:02,043 base.py:88] Populate quantity with 1
INFO     2013-04-14 19:40:02,043 base.py:90] <type 'int'> <type 'long'>
ERROR    2013-04-14 19:40:02,045 app.py:1306] Exception on /admin/bookings/ [POST]
Traceback (most recent call last):
  File "/home/albertmatyi/work/python/hotelmotel/flask/app.py", line 1687, in wsgi_app
    response = self.full_dispatch_request()
  File "/home/albertmatyi/work/python/hotelmotel/flask/app.py", line 1360, in full_dispatch_request
    rv = self.handle_user_exception(e)
  File "/home/albertmatyi/work/python/hotelmotel/flask/app.py", line 1358, in full_dispatch_request
    rv = self.dispatch_request()
  File "/home/albertmatyi/work/python/hotelmotel/flask/app.py", line 1344, in dispatch_request
    return self.view_functions[rule.endpoint](**req.view_args)
  File "/home/albertmatyi/work/python/hotelmotel/application/decorators.py", line 29, in decorated_view
    return func(*args, **kwargs)
  File "/home/albertmatyi/work/python/hotelmotel/application/controllers/booking.py", line 159, in update_booking
    booking.populate(obj).put()
  File "/home/albertmatyi/work/python/hotelmotel/application/models/base.py", line 77, in populate
    self.populate_field(dictionary, key)
  File "/home/albertmatyi/work/python/hotelmotel/application/models/base.py", line 93, in populate_field
    val = attr_type(val) if len(val) > 0 else 0
TypeError: object of type 'int' has no len()
INFO     2013-04-14 19:40:02,054 server.py:561] default: "POST /admin/bookings/ HTTP/1.1" 500 66
INFO     2013-04-14 19:40:47,333 base.py:88] Populate message with 
INFO     2013-04-14 19:40:47,334 base.py:88] Populate quantity with 1
ERROR    2013-04-14 19:40:47,336 app.py:1306] Exception on /admin/bookings/ [POST]
Traceback (most recent call last):
  File "/home/albertmatyi/work/python/hotelmotel/flask/app.py", line 1687, in wsgi_app
    response = self.full_dispatch_request()
  File "/home/albertmatyi/work/python/hotelmotel/flask/app.py", line 1360, in full_dispatch_request
    rv = self.handle_user_exception(e)
  File "/home/albertmatyi/work/python/hotelmotel/flask/app.py", line 1358, in full_dispatch_request
    rv = self.dispatch_request()
  File "/home/albertmatyi/work/python/hotelmotel/flask/app.py", line 1344, in dispatch_request
    return self.view_functions[rule.endpoint](**req.view_args)
  File "/home/albertmatyi/work/python/hotelmotel/application/decorators.py", line 29, in decorated_view
    return func(*args, **kwargs)
  File "/home/albertmatyi/work/python/hotelmotel/application/controllers/booking.py", line 159, in update_booking
    booking.populate(obj).put()
  File "/home/albertmatyi/work/python/hotelmotel/application/models/base.py", line 77, in populate
    self.populate_field(dictionary, key)
  File "/home/albertmatyi/work/python/hotelmotel/application/models/base.py", line 92, in populate_field
    val = attr_type(val) if len(val) > 0 else 0
TypeError: object of type 'int' has no len()
INFO     2013-04-14 19:40:47,348 server.py:561] default: "POST /admin/bookings/ HTTP/1.1" 500 66
INFO     2013-04-14 19:41:06,551 base.py:88] Populate accepted with False
INFO     2013-04-14 19:41:06,551 base.py:90] <type 'unicode'> <type 'bool'>
ERROR    2013-04-14 19:41:06,553 app.py:1306] Exception on /admin/bookings/ [POST]
Traceback (most recent call last):
  File "/home/albertmatyi/work/python/hotelmotel/flask/app.py", line 1687, in wsgi_app
    response = self.full_dispatch_request()
  File "/home/albertmatyi/work/python/hotelmotel/flask/app.py", line 1360, in full_dispatch_request
    rv = self.handle_user_exception(e)
  File "/home/albertmatyi/work/python/hotelmotel/flask/app.py", line 1358, in full_dispatch_request
    rv = self.dispatch_request()
  File "/home/albertmatyi/work/python/hotelmotel/flask/app.py", line 1344, in dispatch_request
    return self.view_functions[rule.endpoint](**req.view_args)
  File "/home/albertmatyi/work/python/hotelmotel/application/decorators.py", line 29, in decorated_view
    return func(*args, **kwargs)
  File "/home/albertmatyi/work/python/hotelmotel/application/controllers/booking.py", line 159, in update_booking
    booking.populate(obj).put()
  File "/home/albertmatyi/work/python/hotelmotel/application/models/base.py", line 77, in populate
    self.populate_field(dictionary, key)
  File "/home/albertmatyi/work/python/hotelmotel/application/models/base.py", line 97, in populate_field
    setattr(self, key, val)
  File "/home/albertmatyi/progz/sdks/google_appengine_1.7.7/google/appengine/ext/db/__init__.py", line 614, in __set__
    value = self.validate(value)
  File "/home/albertmatyi/progz/sdks/google_appengine_1.7.7/google/appengine/ext/db/__init__.py", line 3316, in validate
    raise BadValueError('Property %s must be a bool' % self.name)
BadValueError: Property accepted must be a bool
INFO     2013-04-14 19:41:06,564 server.py:561] default: "POST /admin/bookings/ HTTP/1.1" 500 65
INFO     2013-04-14 19:42:38,592 base.py:88] Populate book_until with 2013-04-15
INFO     2013-04-14 19:42:38,592 base.py:90] <type 'datetime.date'> <type 'datetime.date'>
INFO     2013-04-14 19:42:38,602 base.py:88] Populate bookable with <application.models.bookable.BookableModel object at 0x7f34cc5a6750>
INFO     2013-04-14 19:42:38,603 base.py:90] <class 'application.models.bookable.BookableModel'> <class 'application.models.bookable.BookableModel'>
INFO     2013-04-14 19:42:38,603 base.py:88] Populate book_from with 2013-04-14
INFO     2013-04-14 19:42:38,603 base.py:90] <type 'datetime.date'> <type 'datetime.date'>
INFO     2013-04-14 19:42:38,603 base.py:88] Populate feedback with None
INFO     2013-04-14 19:42:38,604 base.py:90] <type 'unicode'> <type 'NoneType'>
INFO     2013-04-14 19:42:38,604 base.py:88] Populate accepted with True
INFO     2013-04-14 19:42:38,604 base.py:90] <type 'unicode'> <type 'bool'>
INFO     2013-04-14 19:42:38,605 base.py:88] Populate paid with True
INFO     2013-04-14 19:42:38,605 base.py:90] <type 'unicode'> <type 'bool'>
INFO     2013-04-14 19:42:38,605 base.py:88] Populate people with 1
INFO     2013-04-14 19:42:38,606 base.py:90] <type 'unicode'> <type 'long'>
INFO     2013-04-14 19:42:38,606 base.py:88] Populate quantity with 1
INFO     2013-04-14 19:42:38,606 base.py:90] <type 'int'> <type 'long'>
INFO     2013-04-14 19:42:38,606 base.py:88] Populate message with 
INFO     2013-04-14 19:42:38,607 base.py:90] <type 'unicode'> <class 'google.appengine.api.datastore_types.Text'>
ERROR    2013-04-14 19:42:38,679 app.py:1306] Exception on /admin/bookings/ [POST]
Traceback (most recent call last):
  File "/home/albertmatyi/work/python/hotelmotel/flask/app.py", line 1687, in wsgi_app
    response = self.full_dispatch_request()
  File "/home/albertmatyi/work/python/hotelmotel/flask/app.py", line 1360, in full_dispatch_request
    rv = self.handle_user_exception(e)
  File "/home/albertmatyi/work/python/hotelmotel/flask/app.py", line 1358, in full_dispatch_request
    rv = self.dispatch_request()
  File "/home/albertmatyi/work/python/hotelmotel/flask/app.py", line 1344, in dispatch_request
    return self.view_functions[rule.endpoint](**req.view_args)
  File "/home/albertmatyi/work/python/hotelmotel/application/decorators.py", line 29, in decorated_view
    return func(*args, **kwargs)
  File "/home/albertmatyi/work/python/hotelmotel/application/controllers/booking.py", line 161, in update_booking
    send_booking_accepted_mail(booking)
  File "/home/albertmatyi/work/python/hotelmotel/application/controllers/booking.py", line 185, in send_booking_accepted_mail
    booking=booking_dict
  File "/home/albertmatyi/work/python/hotelmotel/flask/templating.py", line 125, in render_template
    context, ctx.app)
  File "/home/albertmatyi/work/python/hotelmotel/flask/templating.py", line 107, in _render
    rv = template.render(context)
  File "/home/albertmatyi/progz/sdks/google_appengine_1.7.7/lib/jinja2-2.6/jinja2/environment.py", line 894, in render
    return self.environment.handle_exception(exc_info, True)
  File "/home/albertmatyi/work/python/hotelmotel/application/templates/mail/bookingAcceptedClient.html", line 8, in top-level template code
    {% include '/mail/booking.html' %}
UndefinedError: 'unicode object' has no attribute 'i18n'
INFO     2013-04-14 19:42:38,695 server.py:561] default: "POST /admin/bookings/ HTTP/1.1" 500 73
INFO     2013-04-14 19:43:38,463 base.py:88] Populate accepted with False
INFO     2013-04-14 19:43:38,464 base.py:90] <type 'unicode'> <type 'bool'>
INFO     2013-04-14 19:43:38,464 base.py:88] Populate message with 
INFO     2013-04-14 19:43:38,465 base.py:90] <type 'unicode'> <class 'google.appengine.api.datastore_types.Text'>
INFO     2013-04-14 19:43:38,475 base.py:88] Populate bookable with <application.models.bookable.BookableModel object at 0x7fa0f05a87d0>
INFO     2013-04-14 19:43:38,475 base.py:90] <class 'application.models.bookable.BookableModel'> <class 'application.models.bookable.BookableModel'>
INFO     2013-04-14 19:43:38,475 base.py:88] Populate book_until with 2013-04-15
INFO     2013-04-14 19:43:38,476 base.py:90] <type 'datetime.date'> <type 'datetime.date'>
INFO     2013-04-14 19:43:38,476 base.py:88] Populate book_from with 2013-04-14
INFO     2013-04-14 19:43:38,476 base.py:90] <type 'datetime.date'> <type 'datetime.date'>
INFO     2013-04-14 19:43:38,477 base.py:88] Populate paid with False
INFO     2013-04-14 19:43:38,477 base.py:90] <type 'unicode'> <type 'bool'>
INFO     2013-04-14 19:43:38,477 base.py:88] Populate quantity with 1
INFO     2013-04-14 19:43:38,478 base.py:90] <type 'int'> <type 'long'>
INFO     2013-04-14 19:43:38,478 base.py:88] Populate people with 1
INFO     2013-04-14 19:43:38,478 base.py:90] <type 'unicode'> <type 'long'>
INFO     2013-04-14 19:43:38,479 base.py:88] Populate feedback with None
INFO     2013-04-14 19:43:38,479 base.py:90] <type 'unicode'> <class 'google.appengine.api.datastore_types.Text'>
INFO     2013-04-14 19:43:38,516 server.py:561] default: "POST /admin/bookings/ HTTP/1.1" 200 65
INFO     2013-04-14 19:43:41,525 base.py:88] Populate bookable with <application.models.bookable.BookableModel object at 0x7f65445a67d0>
INFO     2013-04-14 19:43:41,526 base.py:90] <class 'application.models.bookable.BookableModel'> <class 'application.models.bookable.BookableModel'>
INFO     2013-04-14 19:43:41,526 base.py:88] Populate book_from with 2013-04-14
INFO     2013-04-14 19:43:41,526 base.py:90] <type 'datetime.date'> <type 'datetime.date'>
INFO     2013-04-14 19:43:41,526 base.py:88] Populate feedback with None
INFO     2013-04-14 19:43:41,527 base.py:90] <type 'unicode'> <class 'google.appengine.api.datastore_types.Text'>
INFO     2013-04-14 19:43:41,527 base.py:88] Populate book_until with 2013-04-15
INFO     2013-04-14 19:43:41,527 base.py:90] <type 'datetime.date'> <type 'datetime.date'>
INFO     2013-04-14 19:43:41,528 base.py:88] Populate quantity with 1
INFO     2013-04-14 19:43:41,528 base.py:90] <type 'int'> <type 'long'>
INFO     2013-04-14 19:43:41,528 base.py:88] Populate message with 
INFO     2013-04-14 19:43:41,529 base.py:90] <type 'unicode'> <class 'google.appengine.api.datastore_types.Text'>
INFO     2013-04-14 19:43:41,529 base.py:88] Populate paid with True
INFO     2013-04-14 19:43:41,529 base.py:90] <type 'unicode'> <type 'bool'>
INFO     2013-04-14 19:43:41,529 base.py:88] Populate accepted with False
INFO     2013-04-14 19:43:41,530 base.py:90] <type 'unicode'> <type 'bool'>
INFO     2013-04-14 19:43:41,530 base.py:88] Populate people with 1
INFO     2013-04-14 19:43:41,530 base.py:90] <type 'unicode'> <type 'long'>
INFO     2013-04-14 19:43:41,564 server.py:561] default: "POST /admin/bookings/ HTTP/1.1" 200 65
INFO     2013-04-14 19:43:44,665 base.py:88] Populate people with 1
INFO     2013-04-14 19:43:44,665 base.py:90] <type 'unicode'> <type 'long'>
INFO     2013-04-14 19:43:44,666 base.py:88] Populate feedback with None
INFO     2013-04-14 19:43:44,666 base.py:90] <type 'unicode'> <class 'google.appengine.api.datastore_types.Text'>
INFO     2013-04-14 19:43:44,677 base.py:88] Populate bookable with <application.models.bookable.BookableModel object at 0x7f20fc5a47d0>
INFO     2013-04-14 19:43:44,678 base.py:90] <class 'application.models.bookable.BookableModel'> <class 'application.models.bookable.BookableModel'>
INFO     2013-04-14 19:43:44,678 base.py:88] Populate paid with False
INFO     2013-04-14 19:43:44,679 base.py:90] <type 'unicode'> <type 'bool'>
INFO     2013-04-14 19:43:44,679 base.py:88] Populate book_from with 2013-04-14
INFO     2013-04-14 19:43:44,679 base.py:90] <type 'datetime.date'> <type 'datetime.date'>
INFO     2013-04-14 19:43:44,680 base.py:88] Populate book_until with 2013-04-15
INFO     2013-04-14 19:43:44,680 base.py:90] <type 'datetime.date'> <type 'datetime.date'>
INFO     2013-04-14 19:43:44,680 base.py:88] Populate accepted with False
INFO     2013-04-14 19:43:44,680 base.py:90] <type 'unicode'> <type 'bool'>
INFO     2013-04-14 19:43:44,681 base.py:88] Populate message with 
INFO     2013-04-14 19:43:44,681 base.py:90] <type 'unicode'> <class 'google.appengine.api.datastore_types.Text'>
INFO     2013-04-14 19:43:44,681 base.py:88] Populate quantity with 1
INFO     2013-04-14 19:43:44,682 base.py:90] <type 'int'> <type 'long'>
INFO     2013-04-14 19:43:44,739 server.py:561] default: "POST /admin/bookings/ HTTP/1.1" 200 65
INFO     2013-04-14 20:41:27,693 server.py:561] default: "GET / HTTP/1.1" 200 24450
INFO     2013-04-14 20:41:27,833 server.py:561] default: "GET /static/css/admin_main.css HTTP/1.1" 304 -
INFO     2013-04-14 20:41:27,837 server.py:561] default: "GET /static/lib/require.js HTTP/1.1" 304 -
INFO     2013-04-14 20:41:27,888 server.py:561] default: "GET /static/img/favicon.ico HTTP/1.1" 304 -
INFO     2013-04-14 20:41:28,088 server.py:561] default: "GET /static/img/noise.png HTTP/1.1" 304 -
INFO     2013-04-14 20:41:28,095 server.py:561] default: "GET /static/img/coffeecup.png HTTP/1.1" 304 -
INFO     2013-04-14 20:41:28,095 server.py:561] default: "GET /static/img/glyphicons-halflings-white.png HTTP/1.1" 304 -
INFO     2013-04-14 20:41:28,104 server.py:561] default: "GET /static/js/main.admin.js HTTP/1.1" 304 -
INFO     2013-04-14 20:41:28,105 server.py:561] default: "GET /static/img/social/social_sprite_48.png HTTP/1.1" 304 -
INFO     2013-04-14 20:41:28,107 server.py:561] default: "GET /static/fonts/Great_Vibes/GreatVibes-Regular.ttf HTTP/1.1" 304 -
INFO     2013-04-14 20:41:28,367 server.py:561] default: "GET /static/lib/underscore.min.js HTTP/1.1" 304 -
INFO     2013-04-14 20:41:28,372 server.py:561] default: "GET /static/js/config.js HTTP/1.1" 304 -
INFO     2013-04-14 20:41:28,373 server.py:561] default: "GET /static/js/test/main.js HTTP/1.1" 304 -
INFO     2013-04-14 20:41:28,379 server.py:561] default: "GET /static/js/elements/modal.js HTTP/1.1" 304 -
INFO     2013-04-14 20:41:28,380 server.py:561] default: "GET /static/js/elements/social.js HTTP/1.1" 304 -
INFO     2013-04-14 20:41:28,390 server.py:561] default: "GET /static/js/view/language.js HTTP/1.1" 304 -
INFO     2013-04-14 20:41:28,395 server.py:561] default: "GET /static/js/controllers/category.js HTTP/1.1" 304 -
INFO     2013-04-14 20:41:28,397 server.py:561] default: "GET /static/js/model/base.js HTTP/1.1" 304 -
INFO     2013-04-14 20:41:28,402 server.py:561] default: "GET /static/js/view/category.js HTTP/1.1" 304 -
INFO     2013-04-14 20:41:28,403 server.py:561] default: "GET /static/js/controllers/admin/category.js HTTP/1.1" 304 -
INFO     2013-04-14 20:41:28,407 server.py:561] default: "GET /static/js/controllers/admin/booking.js HTTP/1.1" 304 -
INFO     2013-04-14 20:41:28,409 server.py:561] default: "GET /static/js/controllers/admin/content.js HTTP/1.1" 304 -
INFO     2013-04-14 20:41:28,409 server.py:561] default: "GET /static/js/controllers/admin/bookable.js HTTP/1.1" 304 -
INFO     2013-04-14 20:41:28,678 server.py:561] default: "GET /static/js/test/integration.js HTTP/1.1" 304 -
INFO     2013-04-14 20:41:28,683 server.py:561] default: "GET /static/js/test/category.js HTTP/1.1" 304 -
INFO     2013-04-14 20:41:28,690 server.py:561] default: "GET /static/js/test/booking.js HTTP/1.1" 304 -
INFO     2013-04-14 20:41:28,692 server.py:561] default: "GET /static/lib/jquery-1.9.1.min.js HTTP/1.1" 304 -
INFO     2013-04-14 20:41:28,695 server.py:561] default: "GET /static/js/test/content.js HTTP/1.1" 304 -
INFO     2013-04-14 20:41:28,696 server.py:561] default: "GET /static/js/test/bookable.js HTTP/1.1" 304 -
INFO     2013-04-14 20:41:28,699 server.py:561] default: "GET /static/js/test/social.js HTTP/1.1" 304 -
INFO     2013-04-14 20:41:28,701 server.py:561] default: "GET /static/js/elements/notification.js HTTP/1.1" 304 -
INFO     2013-04-14 20:41:28,702 server.py:561] default: "GET /static/js/elements/dialog.js HTTP/1.1" 304 -
INFO     2013-04-14 20:41:28,742 server.py:561] default: "GET /static/js/helpers/fixit.js HTTP/1.1" 304 -
INFO     2013-04-14 20:41:28,744 server.py:561] default: "GET /static/js/view/directives/menu.js HTTP/1.1" 304 -
INFO     2013-04-14 20:41:28,745 server.py:561] default: "GET /static/js/view/bookable.js HTTP/1.1" 304 -
INFO     2013-04-14 20:41:28,749 server.py:561] default: "GET /static/js/helpers/cookies.js HTTP/1.1" 304 -
INFO     2013-04-14 20:41:28,750 server.py:561] default: "GET /static/js/view/directives/body.js HTTP/1.1" 304 -
INFO     2013-04-14 20:41:28,754 server.py:561] default: "GET /static/js/view/common.js HTTP/1.1" 304 -
INFO     2013-04-14 20:41:28,757 server.py:561] default: "GET /static/js/elements/admin/controls.js HTTP/1.1" 304 -
INFO     2013-04-14 20:41:28,758 server.py:561] default: "GET /static/js/controllers/booking.js HTTP/1.1" 304 -
INFO     2013-04-14 20:41:28,762 server.py:561] default: "GET /static/js/helpers/i18n.js HTTP/1.1" 304 -
INFO     2013-04-14 20:41:28,766 server.py:561] default: "GET /static/js/helpers/transparency.js HTTP/1.1" 304 -
INFO     2013-04-14 20:41:28,766 server.py:561] default: "GET /static/js/view/directives/admin/bookingDetails.js HTTP/1.1" 304 -
INFO     2013-04-14 20:41:28,767 server.py:561] default: "GET /static/js/view/directives/bookable.js HTTP/1.1" 304 -
INFO     2013-04-14 20:41:28,767 server.py:561] default: "GET /static/js/view/directives/admin/booking.js HTTP/1.1" 304 -
INFO     2013-04-14 20:41:28,767 server.py:561] default: "GET /static/js/view/directives/content.js HTTP/1.1" 304 -
INFO     2013-04-14 20:41:29,042 server.py:561] default: "GET /static/js/test/util.js HTTP/1.1" 304 -
INFO     2013-04-14 20:41:29,042 server.py:561] default: "GET /static/lib/transparency.min.js HTTP/1.1" 304 -
INFO     2013-04-14 20:41:29,043 server.py:561] default: "GET /static/js/test/elements/dialog.js HTTP/1.1" 304 -
INFO     2013-04-14 20:41:29,099 server.py:561] default: "GET /static/js/view/directives/common.js HTTP/1.1" 304 -
INFO     2013-04-14 20:41:29,103 server.py:561] default: "GET /static/js/helpers/picaslide.js HTTP/1.1" 304 -
INFO     2013-04-14 20:41:29,108 server.py:561] default: "GET /static/js/helpers/tooltip.js HTTP/1.1" 304 -
INFO     2013-04-14 20:41:29,108 server.py:561] default: "GET /static/js/controllers/booking_form.js HTTP/1.1" 304 -
INFO     2013-04-14 20:41:29,130 server.py:561] default: "GET /static/js/helpers/form.js HTTP/1.1" 304 -
INFO     2013-04-14 20:41:29,131 server.py:561] default: "GET /static/js/view/directives/admin/user.js HTTP/1.1" 304 -
INFO     2013-04-14 20:41:29,133 server.py:561] default: "GET /static/js/helpers/wysihtml5.js HTTP/1.1" 304 -
INFO     2013-04-14 20:41:29,135 server.py:561] default: "GET /static/lib/bootstrap-datepicker/datepicker.js HTTP/1.1" 304 -
INFO     2013-04-14 20:41:29,173 server.py:561] default: "GET /static/lib/bootstrap/js/bootstrap.min.js HTTP/1.1" 304 -
INFO     2013-04-14 20:41:29,323 server.py:561] default: "GET /static/js/elements/fullscreen.js HTTP/1.1" 304 -
INFO     2013-04-14 20:41:29,334 server.py:561] default: "GET /static/js/helpers/date.js HTTP/1.1" 304 -
INFO     2013-04-14 20:41:29,354 server.py:561] default: "GET /static/lib/wysihtml5/js/bootstrap-wysihtml5.js HTTP/1.1" 304 -
INFO     2013-04-14 20:41:29,357 server.py:561] default: "GET /static/lib/picasa.js HTTP/1.1" 304 -
INFO     2013-04-14 20:41:29,384 server.py:561] default: "GET /static/lib/jquery-ui-1.8.20.custom.min.js HTTP/1.1" 304 -
INFO     2013-04-14 20:41:29,492 server.py:561] default: "GET /static/lib/wysihtml5/js/wysihtml5-0.3.0.min.js HTTP/1.1" 304 -
INFO     2013-04-14 20:41:29,495 server.py:561] default: "GET /static/lib/wysihtml5/js/advanced_parser_rules.js HTTP/1.1" 304 -
INFO     2013-04-14 20:41:29,518 server.py:561] default: "GET /static/lib/slides.min.jquery.js HTTP/1.1" 304 -
INFO     2013-04-14 20:41:30,521 server.py:561] default: "GET /static/img/picasa_s.png HTTP/1.1" 304 -
INFO     2013-04-14 20:41:30,694 server.py:561] default: "GET /static/fonts/Life_Savers/LifeSavers-Regular.ttf HTTP/1.1" 304 -
INFO     2013-04-14 20:41:42,067 server.py:561] default: "GET /admin/initdb HTTP/1.1" 302 209
INFO     2013-04-14 20:41:45,326 server.py:561] default: "GET / HTTP/1.1" 200 58009
INFO     2013-04-14 20:41:45,609 server.py:561] default: "GET /static/css/admin_main.css HTTP/1.1" 304 -
INFO     2013-04-14 20:41:45,612 server.py:561] default: "GET /static/lib/require.js HTTP/1.1" 304 -
INFO     2013-04-14 20:41:45,644 server.py:561] default: "GET /static/img/favicon.ico HTTP/1.1" 304 -
INFO     2013-04-14 20:41:45,882 server.py:561] default: "GET /static/img/noise.png HTTP/1.1" 304 -
INFO     2013-04-14 20:41:45,884 server.py:561] default: "GET /static/img/coffeecup.png HTTP/1.1" 304 -
INFO     2013-04-14 20:41:45,892 server.py:561] default: "GET /static/img/glyphicons-halflings-white.png HTTP/1.1" 304 -
INFO     2013-04-14 20:41:45,897 server.py:561] default: "GET /static/img/social/social_sprite_48.png HTTP/1.1" 304 -
INFO     2013-04-14 20:41:45,899 server.py:561] default: "GET /static/js/main.admin.js HTTP/1.1" 304 -
INFO     2013-04-14 20:41:45,964 server.py:561] default: "GET /static/js/config.js HTTP/1.1" 304 -
INFO     2013-04-14 20:41:45,973 server.py:561] default: "GET /static/js/elements/social.js HTTP/1.1" 304 -
INFO     2013-04-14 20:41:45,975 server.py:561] default: "GET /static/lib/underscore.min.js HTTP/1.1" 304 -
INFO     2013-04-14 20:41:45,982 server.py:561] default: "GET /static/js/test/main.js HTTP/1.1" 304 -
INFO     2013-04-14 20:41:45,983 server.py:561] default: "GET /static/js/view/category.js HTTP/1.1" 304 -
INFO     2013-04-14 20:41:45,985 server.py:561] default: "GET /static/js/elements/modal.js HTTP/1.1" 304 -
INFO     2013-04-14 20:41:45,987 server.py:561] default: "GET /static/js/view/language.js HTTP/1.1" 304 -
INFO     2013-04-14 20:41:45,993 server.py:561] default: "GET /static/js/model/base.js HTTP/1.1" 304 -
INFO     2013-04-14 20:41:45,994 server.py:561] default: "GET /static/js/controllers/admin/bookable.js HTTP/1.1" 304 -
INFO     2013-04-14 20:41:45,995 server.py:561] default: "GET /static/js/controllers/admin/content.js HTTP/1.1" 304 -
INFO     2013-04-14 20:41:45,995 server.py:561] default: "GET /static/js/controllers/admin/category.js HTTP/1.1" 304 -
INFO     2013-04-14 20:41:45,996 server.py:561] default: "GET /static/js/controllers/admin/booking.js HTTP/1.1" 304 -
INFO     2013-04-14 20:41:45,996 server.py:561] default: "GET /static/js/controllers/category.js HTTP/1.1" 304 -
INFO     2013-04-14 20:41:46,030 server.py:561] default: "GET /static/lib/jquery-1.9.1.min.js HTTP/1.1" 304 -
INFO     2013-04-14 20:41:46,071 server.py:561] default: "GET /static/js/elements/dialog.js HTTP/1.1" 304 -
INFO     2013-04-14 20:41:46,130 server.py:561] default: "GET /static/js/test/integration.js HTTP/1.1" 304 -
INFO     2013-04-14 20:41:46,131 server.py:561] default: "GET /static/js/test/social.js HTTP/1.1" 304 -
INFO     2013-04-14 20:41:46,133 server.py:561] default: "GET /static/js/test/booking.js HTTP/1.1" 304 -
INFO     2013-04-14 20:41:46,135 server.py:561] default: "GET /static/js/test/bookable.js HTTP/1.1" 304 -
INFO     2013-04-14 20:41:46,136 server.py:561] default: "GET /static/js/test/content.js HTTP/1.1" 304 -
INFO     2013-04-14 20:41:46,139 server.py:561] default: "GET /static/js/test/category.js HTTP/1.1" 304 -
INFO     2013-04-14 20:41:46,214 server.py:561] default: "GET /static/js/view/directives/body.js HTTP/1.1" 304 -
INFO     2013-04-14 20:41:46,216 server.py:561] default: "GET /static/js/view/bookable.js HTTP/1.1" 304 -
INFO     2013-04-14 20:41:46,218 server.py:561] default: "GET /static/js/view/common.js HTTP/1.1" 304 -
INFO     2013-04-14 20:41:46,220 server.py:561] default: "GET /static/js/elements/notification.js HTTP/1.1" 304 -
INFO     2013-04-14 20:41:46,224 server.py:561] default: "GET /static/js/view/directives/menu.js HTTP/1.1" 304 -
INFO     2013-04-14 20:41:46,229 server.py:561] default: "GET /static/js/elements/admin/controls.js HTTP/1.1" 304 -
INFO     2013-04-14 20:41:46,232 server.py:561] default: "GET /static/js/helpers/i18n.js HTTP/1.1" 304 -
INFO     2013-04-14 20:41:46,226 server.py:561] default: "GET /static/js/helpers/cookies.js HTTP/1.1" 304 -
INFO     2013-04-14 20:41:46,234 server.py:561] default: "GET /static/js/helpers/transparency.js HTTP/1.1" 304 -
INFO     2013-04-14 20:41:46,248 server.py:561] default: "GET /static/js/view/directives/bookable.js HTTP/1.1" 304 -
INFO     2013-04-14 20:41:46,250 server.py:561] default: "GET /static/js/view/directives/content.js HTTP/1.1" 304 -
INFO     2013-04-14 20:41:46,250 server.py:561] default: "GET /static/js/view/directives/admin/booking.js HTTP/1.1" 304 -
INFO     2013-04-14 20:41:46,251 server.py:561] default: "GET /static/js/controllers/booking.js HTTP/1.1" 304 -
INFO     2013-04-14 20:41:46,252 server.py:561] default: "GET /static/js/view/directives/admin/bookingDetails.js HTTP/1.1" 304 -
INFO     2013-04-14 20:41:46,252 server.py:561] default: "GET /static/js/helpers/fixit.js HTTP/1.1" 304 -
INFO     2013-04-14 20:41:46,273 server.py:561] default: "GET /static/lib/transparency.min.js HTTP/1.1" 304 -
INFO     2013-04-14 20:41:46,335 server.py:561] default: "GET /static/js/test/util.js HTTP/1.1" 304 -
INFO     2013-04-14 20:41:46,354 server.py:561] default: "GET /static/js/test/elements/dialog.js HTTP/1.1" 304 -
INFO     2013-04-14 20:41:46,390 server.py:561] default: "GET /static/js/view/directives/common.js HTTP/1.1" 304 -
INFO     2013-04-14 20:41:46,392 server.py:561] default: "GET /static/js/helpers/picaslide.js HTTP/1.1" 304 -
INFO     2013-04-14 20:41:46,392 server.py:561] default: "GET /static/lib/bootstrap-datepicker/datepicker.js HTTP/1.1" 304 -
INFO     2013-04-14 20:41:46,406 server.py:561] default: "GET /static/js/helpers/form.js HTTP/1.1" 304 -
INFO     2013-04-14 20:41:46,407 server.py:561] default: "GET /static/js/helpers/wysihtml5.js HTTP/1.1" 304 -
INFO     2013-04-14 20:41:46,418 server.py:561] default: "GET /static/js/helpers/tooltip.js HTTP/1.1" 304 -
INFO     2013-04-14 20:41:46,420 server.py:561] default: "GET /static/js/controllers/booking_form.js HTTP/1.1" 304 -
INFO     2013-04-14 20:41:46,421 server.py:561] default: "GET /static/js/view/directives/admin/user.js HTTP/1.1" 304 -
INFO     2013-04-14 20:41:46,449 server.py:561] default: "GET /static/lib/bootstrap/js/bootstrap.min.js HTTP/1.1" 304 -
INFO     2013-04-14 20:41:46,541 server.py:561] default: "GET /static/js/elements/fullscreen.js HTTP/1.1" 304 -
INFO     2013-04-14 20:41:46,542 server.py:561] default: "GET /static/js/helpers/date.js HTTP/1.1" 304 -
INFO     2013-04-14 20:41:46,543 server.py:561] default: "GET /static/lib/wysihtml5/js/bootstrap-wysihtml5.js HTTP/1.1" 304 -
INFO     2013-04-14 20:41:46,543 server.py:561] default: "GET /static/lib/picasa.js HTTP/1.1" 304 -
INFO     2013-04-14 20:41:46,551 server.py:561] default: "GET /static/lib/jquery-ui-1.8.20.custom.min.js HTTP/1.1" 304 -
INFO     2013-04-14 20:41:46,628 server.py:561] default: "GET /static/lib/wysihtml5/js/advanced_parser_rules.js HTTP/1.1" 304 -
INFO     2013-04-14 20:41:46,632 server.py:561] default: "GET /static/lib/wysihtml5/js/wysihtml5-0.3.0.min.js HTTP/1.1" 304 -
INFO     2013-04-14 20:41:46,633 server.py:561] default: "GET /static/lib/slides.min.jquery.js HTTP/1.1" 304 -
INFO     2013-04-14 20:41:47,640 server.py:561] default: "GET /static/img/picasa_s.png HTTP/1.1" 304 -
INFO     2013-04-14 20:41:48,900 server.py:561] default: "GET /static/img/glyphicons-halflings.png HTTP/1.1" 304 -
INFO     2013-04-14 20:41:55,919 server.py:561] default: "GET /static/img/favicon.ico HTTP/1.1" 304 -
